C:\Program Files\Microsoft Visual Studio\2022\Community\MSBuild\Microsoft\VC\v170\Microsoft.CppBuild.targets(534,5): warning MSB8028: El directorio intermedio (x64\Debug\) contiene archivos compartidos de otro proyecto (PIA_AVANCE1.vcxproj). Esto puede dar lugar a un comportamiento incorrecto de limpieza y recompilación.
  PIA_AVANCE2.cpp
C:\Users\Administrator\source\repos\PIA_AVANCE1\PIA_AVANCE1\PIA_AVANCE2.cpp(1319,25): warning C4551: la llamada a la función no tiene lista de argumentos
C:\Users\Administrator\source\repos\PIA_AVANCE1\PIA_AVANCE1\PIA_AVANCE2.cpp(1331,25): warning C4551: la llamada a la función no tiene lista de argumentos
C:\Users\Administrator\source\repos\PIA_AVANCE1\PIA_AVANCE1\PIA_AVANCE2.cpp(1335,25): warning C4551: la llamada a la función no tiene lista de argumentos
C:\Users\Administrator\source\repos\PIA_AVANCE1\PIA_AVANCE1\PIA_AVANCE2.cpp(1352,25): warning C4551: la llamada a la función no tiene lista de argumentos
C:\Users\Administrator\source\repos\PIA_AVANCE1\PIA_AVANCE1\PIA_AVANCE2.cpp(1356,25): warning C4551: la llamada a la función no tiene lista de argumentos
C:\Users\Administrator\source\repos\PIA_AVANCE1\PIA_AVANCE1\PIA_AVANCE2.cpp(1392,31): warning C4244: 'inicializando': conversión de 'LRESULT' a 'int'; posible pérdida de datos
C:\Users\Administrator\source\repos\PIA_AVANCE1\PIA_AVANCE1\PIA_AVANCE2.cpp(1451,27): warning C4244: 'inicializando': conversión de 'LRESULT' a 'int'; posible pérdida de datos
C:\Users\Administrator\source\repos\PIA_AVANCE1\PIA_AVANCE1\PIA_AVANCE2.cpp(1466,28): warning C4244: 'inicializando': conversión de 'LRESULT' a 'int'; posible pérdida de datos
C:\Users\Administrator\source\repos\PIA_AVANCE1\PIA_AVANCE1\PIA_AVANCE2.cpp(1535,28): warning C4244: 'inicializando': conversión de 'LRESULT' a 'int'; posible pérdida de datos
C:\Users\Administrator\source\repos\PIA_AVANCE1\PIA_AVANCE1\PIA_AVANCE2.cpp(1600,9): warning C4060: la instrucción switch no contiene etiquetas 'case' ni 'default'
C:\Users\Administrator\source\repos\PIA_AVANCE1\PIA_AVANCE1\PIA_AVANCE2.cpp(1760,28): warning C4244: 'inicializando': conversión de 'LRESULT' a 'int'; posible pérdida de datos
C:\Users\Administrator\source\repos\PIA_AVANCE1\PIA_AVANCE1\PIA_AVANCE2.cpp(1862,31): warning C4244: 'inicializando': conversión de 'LRESULT' a 'int'; posible pérdida de datos
C:\Users\Administrator\source\repos\PIA_AVANCE1\PIA_AVANCE1\PIA_AVANCE2.cpp(1894,27): warning C4244: 'inicializando': conversión de 'LRESULT' a 'int'; posible pérdida de datos
C:\Users\Administrator\source\repos\PIA_AVANCE1\PIA_AVANCE1\PIA_AVANCE2.cpp(1984,31): warning C4244: 'inicializando': conversión de 'LRESULT' a 'int'; posible pérdida de datos
C:\Users\Administrator\source\repos\PIA_AVANCE1\PIA_AVANCE1\PIA_AVANCE2.cpp(2063,27): warning C4244: 'inicializando': conversión de 'LRESULT' a 'int'; posible pérdida de datos
C:\Users\Administrator\source\repos\PIA_AVANCE1\PIA_AVANCE1\PIA_AVANCE2.cpp(2077,28): warning C4244: 'inicializando': conversión de 'LRESULT' a 'int'; posible pérdida de datos
C:\Users\Administrator\source\repos\PIA_AVANCE1\PIA_AVANCE1\PIA_AVANCE2.cpp(2508,23): warning C4244: 'inicializando': conversión de 'LRESULT' a 'int'; posible pérdida de datos
C:\Program Files\Microsoft Visual Studio\2022\Community\VC\Tools\MSVC\14.33.31629\include\xstring(2824,53): warning C4244: 'argumento': conversión de 'wchar_t' a 'const _Elem'; posible pérdida de datos
          with
          [
              _Elem=char
          ]
C:\Program Files\Microsoft Visual Studio\2022\Community\VC\Tools\MSVC\14.33.31629\include\xstring(2664): message : Vea la referencia a la creación de una instancia de la función plantilla "void std::basic_string<char,std::char_traits<char>,std::allocator<char>>::_Construct_from_iter<wchar_t*>(_Iter,const _Iter)" que se está compilando
          with
          [
              _Iter=wchar_t *
          ]
C:\Program Files\Microsoft Visual Studio\2022\Community\VC\Tools\MSVC\14.33.31629\include\xstring(2664): message : Vea la referencia a la creación de una instancia de la función plantilla "void std::basic_string<char,std::char_traits<char>,std::allocator<char>>::_Construct_from_iter<wchar_t*>(_Iter,const _Iter)" que se está compilando
          with
          [
              _Iter=wchar_t *
          ]
C:\Users\Administrator\source\repos\PIA_AVANCE1\PIA_AVANCE1\PIA_AVANCE2.cpp(62): message : Vea la referencia a la creación de una instancia de la función plantilla "std::basic_string<char,std::char_traits<char>,std::allocator<char>>::basic_string<std::_String_iterator<std::_String_val<std::_Simple_types<_Elem>>>,0>(_Iter,_Iter,const _Alloc &)" que se está compilando
          with
          [
              _Elem=wchar_t,
              _Iter=std::_String_iterator<std::_String_val<std::_Simple_types<wchar_t>>>,
              _Alloc=std::allocator<char>
          ]
C:\Users\Administrator\source\repos\PIA_AVANCE1\PIA_AVANCE1\PIA_AVANCE2.cpp(62): message : Vea la referencia a la creación de una instancia de la función plantilla "std::basic_string<char,std::char_traits<char>,std::allocator<char>>::basic_string<std::_String_iterator<std::_String_val<std::_Simple_types<_Elem>>>,0>(_Iter,_Iter,const _Alloc &)" que se está compilando
          with
          [
              _Elem=wchar_t,
              _Iter=std::_String_iterator<std::_String_val<std::_Simple_types<wchar_t>>>,
              _Alloc=std::allocator<char>
          ]
  PIA_AVANCE1.vcxproj -> C:\Users\Administrator\source\repos\PIA_AVANCE1\x64\Debug\PIA_AVANCE2_ALPHA.exe
